<?xml version="1.0" encoding="UTF-8"?>
<!-- Generated by org.testng.reporters.JUnitReportReporter -->
<testsuite hostname="Snehal" failures="0" tests="1" name="Com.Saucedemo.TestClasses.TC07CheckOutFunctionality" time="237.471" errors="0" timestamp="2022-05-31T16:17:12 IST" skipped="0">
  <testcase classname="Com.Saucedemo.TestClasses.TC07CheckOutFunctionality" name="CheckOutFunctionality" time="237.471"/>
  <system-out/>
</testsuite> <!-- Com.Saucedemo.TestClasses.TC07CheckOutFunctionality -->
