<?xml version="1.0" encoding="UTF-8"?>
<!-- Generated by org.testng.reporters.JUnitReportReporter -->
<testsuite hostname="Snehal" failures="0" tests="1" name="Com.Saucedemo.TestClasses.TC05LogOutFunctionality" time="237.473" errors="0" timestamp="2022-05-31T16:17:12 IST" skipped="0">
  <testcase classname="Com.Saucedemo.TestClasses.TC05LogOutFunctionality" name="LogoutFunctionality" time="237.473"/>
  <system-out/>
</testsuite> <!-- Com.Saucedemo.TestClasses.TC05LogOutFunctionality -->
