<?xml version="1.0" encoding="UTF-8"?>
<!-- Generated by org.testng.reporters.JUnitReportReporter -->
<testsuite hostname="Snehal" failures="0" tests="2" name="Practice.TimeOutKeyWord" time="1.048" errors="0" timestamp="2022-05-31T12:00:28 IST" skipped="0">
  <testcase classname="Practice.TimeOutKeyWord" name="testB" time="1.024"/>
  <system-out/>
  <testcase classname="Practice.TimeOutKeyWord" name="testA" time="0.024"/>
  <system-out/>
</testsuite> <!-- Practice.TimeOutKeyWord -->
